[2021-09-02 14:32:21,584] multiqc                                            [DEBUG  ]  This is MultiQC v1.11+computecanada
[2021-09-02 14:32:21,586] multiqc                                            [DEBUG  ]  No MultiQC config found: /shared/home/user26/.local/lib/python3.8/site-packages/multiqc_config.yaml
[2021-09-02 14:32:21,588] multiqc                                            [DEBUG  ]  No MultiQC config found: /shared/home/user26/.multiqc_config.yaml
[2021-09-02 14:32:21,589] multiqc                                            [DEBUG  ]  No MultiQC config found: multiqc_config.yaml
[2021-09-02 14:32:21,589] multiqc                                            [DEBUG  ]  Command used: /shared/home/user26/.local/bin/multiqc -o multiQCreports --interactive FASTQC_Liu2015
[2021-09-02 14:32:21,918] multiqc                                            [DEBUG  ]  Latest MultiQC version is v1.11
[2021-09-02 14:32:21,918] multiqc                                            [DEBUG  ]  Command     : /shared/home/user26/.local/bin/multiqc -o multiQCreports --interactive FASTQC_Liu2015
[2021-09-02 14:32:21,918] multiqc                                            [DEBUG  ]  Working dir : /shared/home/user26/day1/fastqc_Liu2015/batch_array
[2021-09-02 14:32:21,918] multiqc                                            [DEBUG  ]  Template    : default
[2021-09-02 14:32:21,919] multiqc                                            [DEBUG  ]  Running Python 3.8.2 (default, Apr 21 2020, 01:05:05)  [GCC 5.4.0]
[2021-09-02 14:32:21,920] multiqc                                            [DEBUG  ]  Analysing modules: custom_content, ccs, ngsderive, purple, conpair, lima, peddy, somalier, methylQA, mosdepth, phantompeakqualtools, qualimap, preseq, quast, qorts, rna_seqc, rockhopper, rsem, rseqc, busco, bustools, goleft_indexcov, gffcompare, disambiguate, supernova, deeptools, sargasso, verifybamid, mirtrace, happy, mirtop, sambamba, homer, hops, macs2, theta2, snpeff, gatk, htseq, bcftools, featureCounts, fgbio, dragen, dedup, damageprofiler, biobambam2, jcvi, mtnucratio, picard, vep, sentieon, prokka, qc3C, nanostat, samblaster, samtools, sexdeterrmine, eigenstratdatabasetools, bamtools, jellyfish, vcftools, longranger, stacks, varscan2, snippy, bbmap, bismark, biscuit, hicexplorer, hicup, hicpro, salmon, kallisto, slamdunk, star, hisat2, tophat, bowtie2, bowtie1, snpsplit, odgi, pangolin, kat, leehom, adapterRemoval, clipandmerge, cutadapt, flexbar, kaiju, kraken, malt, trimmomatic, sickle, skewer, sortmerna, biobloomtools, fastq_screen, afterqc, fastp, fastqc, pychopper, pycoqc, minionqc, multivcfanalyzer, clusterflow, bcl2fastq, bclconvert, interop, ivar, flash, seqyclean, optitype
[2021-09-02 14:32:21,920] multiqc                                            [DEBUG  ]  Using temporary directory for creating report: /tmp/tmpsuiw_b6a
[2021-09-02 14:32:22,625] multiqc                                            [INFO   ]  Search path : /shared/home/user26/day1/fastqc_Liu2015/batch_array/FASTQC_Liu2015
[2021-09-02 14:32:22,794] multiqc                                            [DEBUG  ]  File ignored by ccs/v4 because it exceeded search pattern filesize limit: SRR1272190_1_fastqc.html
[2021-09-02 14:32:22,811] multiqc                                            [DEBUG  ]  File ignored by hicexplorer because it exceeded search pattern filesize limit: SRR1272190_1_fastqc.html
[2021-09-02 14:32:22,812] multiqc                                            [DEBUG  ]  File ignored by nanostat because it exceeded search pattern filesize limit: SRR1272190_1_fastqc.html
[2021-09-02 14:32:22,812] multiqc                                            [DEBUG  ]  File ignored by lima/summary because it exceeded search pattern filesize limit: SRR1272190_1_fastqc.html
[2021-09-02 14:32:22,843] multiqc                                            [DEBUG  ]  File ignored by vep/vep_txt because it exceeded search pattern filesize limit: SRR1272190_1_fastqc.html
[2021-09-02 14:32:22,844] multiqc                                            [DEBUG  ]  File ignored by longranger/invocation because it exceeded search pattern filesize limit: SRR1272190_1_fastqc.html
[2021-09-02 14:32:22,844] multiqc                                            [DEBUG  ]  File ignored by rockhopper because it exceeded search pattern filesize limit: SRR1272190_1_fastqc.html
[2021-09-02 14:32:22,844] multiqc                                            [DEBUG  ]  File ignored by rseqc/bam_stat because it exceeded search pattern filesize limit: SRR1272190_1_fastqc.html
[2021-09-02 14:32:22,844] multiqc                                            [DEBUG  ]  File ignored by rseqc/junction_annotation because it exceeded search pattern filesize limit: SRR1272190_1_fastqc.html
[2021-09-02 14:32:22,844] multiqc                                            [DEBUG  ]  File ignored by rseqc/read_distribution because it exceeded search pattern filesize limit: SRR1272190_1_fastqc.html
[2021-09-02 14:32:22,844] multiqc                                            [DEBUG  ]  File ignored by rseqc/infer_experiment because it exceeded search pattern filesize limit: SRR1272190_1_fastqc.html
[2021-09-02 14:32:23,076] multiqc                                            [DEBUG  ]  File ignored by ccs/v4 because it exceeded search pattern filesize limit: SRR1272187_2_fastqc.html
[2021-09-02 14:32:23,095] multiqc                                            [DEBUG  ]  File ignored by hicexplorer because it exceeded search pattern filesize limit: SRR1272187_2_fastqc.html
[2021-09-02 14:32:23,097] multiqc                                            [DEBUG  ]  File ignored by nanostat because it exceeded search pattern filesize limit: SRR1272187_2_fastqc.html
[2021-09-02 14:32:23,098] multiqc                                            [DEBUG  ]  File ignored by lima/summary because it exceeded search pattern filesize limit: SRR1272187_2_fastqc.html
[2021-09-02 14:32:23,125] multiqc                                            [DEBUG  ]  File ignored by vep/vep_txt because it exceeded search pattern filesize limit: SRR1272187_2_fastqc.html
[2021-09-02 14:32:23,125] multiqc                                            [DEBUG  ]  File ignored by longranger/invocation because it exceeded search pattern filesize limit: SRR1272187_2_fastqc.html
[2021-09-02 14:32:23,125] multiqc                                            [DEBUG  ]  File ignored by rockhopper because it exceeded search pattern filesize limit: SRR1272187_2_fastqc.html
[2021-09-02 14:32:23,125] multiqc                                            [DEBUG  ]  File ignored by rseqc/bam_stat because it exceeded search pattern filesize limit: SRR1272187_2_fastqc.html
[2021-09-02 14:32:23,125] multiqc                                            [DEBUG  ]  File ignored by rseqc/junction_annotation because it exceeded search pattern filesize limit: SRR1272187_2_fastqc.html
[2021-09-02 14:32:23,125] multiqc                                            [DEBUG  ]  File ignored by rseqc/read_distribution because it exceeded search pattern filesize limit: SRR1272187_2_fastqc.html
[2021-09-02 14:32:23,126] multiqc                                            [DEBUG  ]  File ignored by rseqc/infer_experiment because it exceeded search pattern filesize limit: SRR1272187_2_fastqc.html
[2021-09-02 14:32:23,362] multiqc                                            [DEBUG  ]  File ignored by ccs/v4 because it exceeded search pattern filesize limit: SRR1272187_1_fastqc.html
[2021-09-02 14:32:23,376] multiqc                                            [DEBUG  ]  File ignored by hicexplorer because it exceeded search pattern filesize limit: SRR1272187_1_fastqc.html
[2021-09-02 14:32:23,379] multiqc                                            [DEBUG  ]  File ignored by nanostat because it exceeded search pattern filesize limit: SRR1272187_1_fastqc.html
[2021-09-02 14:32:23,379] multiqc                                            [DEBUG  ]  File ignored by lima/summary because it exceeded search pattern filesize limit: SRR1272187_1_fastqc.html
[2021-09-02 14:32:23,406] multiqc                                            [DEBUG  ]  File ignored by vep/vep_txt because it exceeded search pattern filesize limit: SRR1272187_1_fastqc.html
[2021-09-02 14:32:23,406] multiqc                                            [DEBUG  ]  File ignored by longranger/invocation because it exceeded search pattern filesize limit: SRR1272187_1_fastqc.html
[2021-09-02 14:32:23,406] multiqc                                            [DEBUG  ]  File ignored by rockhopper because it exceeded search pattern filesize limit: SRR1272187_1_fastqc.html
[2021-09-02 14:32:23,406] multiqc                                            [DEBUG  ]  File ignored by rseqc/bam_stat because it exceeded search pattern filesize limit: SRR1272187_1_fastqc.html
[2021-09-02 14:32:23,406] multiqc                                            [DEBUG  ]  File ignored by rseqc/junction_annotation because it exceeded search pattern filesize limit: SRR1272187_1_fastqc.html
[2021-09-02 14:32:23,407] multiqc                                            [DEBUG  ]  File ignored by rseqc/read_distribution because it exceeded search pattern filesize limit: SRR1272187_1_fastqc.html
[2021-09-02 14:32:23,407] multiqc                                            [DEBUG  ]  File ignored by rseqc/infer_experiment because it exceeded search pattern filesize limit: SRR1272187_1_fastqc.html
[2021-09-02 14:32:23,626] multiqc                                            [DEBUG  ]  File ignored by ccs/v4 because it exceeded search pattern filesize limit: SRR1272191_1_fastqc.html
[2021-09-02 14:32:23,639] multiqc                                            [DEBUG  ]  File ignored by hicexplorer because it exceeded search pattern filesize limit: SRR1272191_1_fastqc.html
[2021-09-02 14:32:23,641] multiqc                                            [DEBUG  ]  File ignored by nanostat because it exceeded search pattern filesize limit: SRR1272191_1_fastqc.html
[2021-09-02 14:32:23,641] multiqc                                            [DEBUG  ]  File ignored by lima/summary because it exceeded search pattern filesize limit: SRR1272191_1_fastqc.html
[2021-09-02 14:32:23,672] multiqc                                            [DEBUG  ]  File ignored by vep/vep_txt because it exceeded search pattern filesize limit: SRR1272191_1_fastqc.html
[2021-09-02 14:32:23,672] multiqc                                            [DEBUG  ]  File ignored by longranger/invocation because it exceeded search pattern filesize limit: SRR1272191_1_fastqc.html
[2021-09-02 14:32:23,672] multiqc                                            [DEBUG  ]  File ignored by rockhopper because it exceeded search pattern filesize limit: SRR1272191_1_fastqc.html
[2021-09-02 14:32:23,672] multiqc                                            [DEBUG  ]  File ignored by rseqc/bam_stat because it exceeded search pattern filesize limit: SRR1272191_1_fastqc.html
[2021-09-02 14:32:23,672] multiqc                                            [DEBUG  ]  File ignored by rseqc/junction_annotation because it exceeded search pattern filesize limit: SRR1272191_1_fastqc.html
[2021-09-02 14:32:23,673] multiqc                                            [DEBUG  ]  File ignored by rseqc/read_distribution because it exceeded search pattern filesize limit: SRR1272191_1_fastqc.html
[2021-09-02 14:32:23,673] multiqc                                            [DEBUG  ]  File ignored by rseqc/infer_experiment because it exceeded search pattern filesize limit: SRR1272191_1_fastqc.html
[2021-09-02 14:32:23,897] multiqc                                            [DEBUG  ]  File ignored by ccs/v4 because it exceeded search pattern filesize limit: SRR1272191_2_fastqc.html
[2021-09-02 14:32:23,911] multiqc                                            [DEBUG  ]  File ignored by hicexplorer because it exceeded search pattern filesize limit: SRR1272191_2_fastqc.html
[2021-09-02 14:32:23,913] multiqc                                            [DEBUG  ]  File ignored by nanostat because it exceeded search pattern filesize limit: SRR1272191_2_fastqc.html
[2021-09-02 14:32:23,913] multiqc                                            [DEBUG  ]  File ignored by lima/summary because it exceeded search pattern filesize limit: SRR1272191_2_fastqc.html
[2021-09-02 14:32:23,942] multiqc                                            [DEBUG  ]  File ignored by vep/vep_txt because it exceeded search pattern filesize limit: SRR1272191_2_fastqc.html
[2021-09-02 14:32:23,942] multiqc                                            [DEBUG  ]  File ignored by longranger/invocation because it exceeded search pattern filesize limit: SRR1272191_2_fastqc.html
[2021-09-02 14:32:23,942] multiqc                                            [DEBUG  ]  File ignored by rockhopper because it exceeded search pattern filesize limit: SRR1272191_2_fastqc.html
[2021-09-02 14:32:23,942] multiqc                                            [DEBUG  ]  File ignored by rseqc/bam_stat because it exceeded search pattern filesize limit: SRR1272191_2_fastqc.html
[2021-09-02 14:32:23,943] multiqc                                            [DEBUG  ]  File ignored by rseqc/junction_annotation because it exceeded search pattern filesize limit: SRR1272191_2_fastqc.html
[2021-09-02 14:32:23,943] multiqc                                            [DEBUG  ]  File ignored by rseqc/read_distribution because it exceeded search pattern filesize limit: SRR1272191_2_fastqc.html
[2021-09-02 14:32:23,943] multiqc                                            [DEBUG  ]  File ignored by rseqc/infer_experiment because it exceeded search pattern filesize limit: SRR1272191_2_fastqc.html
[2021-09-02 14:32:24,155] multiqc                                            [DEBUG  ]  File ignored by ccs/v4 because it exceeded search pattern filesize limit: SRR1272190_2_fastqc.html
[2021-09-02 14:32:24,170] multiqc                                            [DEBUG  ]  File ignored by hicexplorer because it exceeded search pattern filesize limit: SRR1272190_2_fastqc.html
[2021-09-02 14:32:24,172] multiqc                                            [DEBUG  ]  File ignored by nanostat because it exceeded search pattern filesize limit: SRR1272190_2_fastqc.html
[2021-09-02 14:32:24,172] multiqc                                            [DEBUG  ]  File ignored by lima/summary because it exceeded search pattern filesize limit: SRR1272190_2_fastqc.html
[2021-09-02 14:32:24,202] multiqc                                            [DEBUG  ]  File ignored by vep/vep_txt because it exceeded search pattern filesize limit: SRR1272190_2_fastqc.html
[2021-09-02 14:32:24,202] multiqc                                            [DEBUG  ]  File ignored by longranger/invocation because it exceeded search pattern filesize limit: SRR1272190_2_fastqc.html
[2021-09-02 14:32:24,203] multiqc                                            [DEBUG  ]  File ignored by rockhopper because it exceeded search pattern filesize limit: SRR1272190_2_fastqc.html
[2021-09-02 14:32:24,203] multiqc                                            [DEBUG  ]  File ignored by rseqc/bam_stat because it exceeded search pattern filesize limit: SRR1272190_2_fastqc.html
[2021-09-02 14:32:24,203] multiqc                                            [DEBUG  ]  File ignored by rseqc/junction_annotation because it exceeded search pattern filesize limit: SRR1272190_2_fastqc.html
[2021-09-02 14:32:24,203] multiqc                                            [DEBUG  ]  File ignored by rseqc/read_distribution because it exceeded search pattern filesize limit: SRR1272190_2_fastqc.html
[2021-09-02 14:32:24,203] multiqc                                            [DEBUG  ]  File ignored by rseqc/infer_experiment because it exceeded search pattern filesize limit: SRR1272190_2_fastqc.html
[2021-09-02 14:32:24,376] multiqc                                            [DEBUG  ]  File ignored by ccs/v4 because it exceeded search pattern filesize limit: SRR1272188_2_fastqc.html
[2021-09-02 14:32:24,394] multiqc                                            [DEBUG  ]  File ignored by hicexplorer because it exceeded search pattern filesize limit: SRR1272188_2_fastqc.html
[2021-09-02 14:32:24,395] multiqc                                            [DEBUG  ]  File ignored by nanostat because it exceeded search pattern filesize limit: SRR1272188_2_fastqc.html
[2021-09-02 14:32:24,395] multiqc                                            [DEBUG  ]  File ignored by lima/summary because it exceeded search pattern filesize limit: SRR1272188_2_fastqc.html
[2021-09-02 14:32:24,424] multiqc                                            [DEBUG  ]  File ignored by vep/vep_txt because it exceeded search pattern filesize limit: SRR1272188_2_fastqc.html
[2021-09-02 14:32:24,424] multiqc                                            [DEBUG  ]  File ignored by longranger/invocation because it exceeded search pattern filesize limit: SRR1272188_2_fastqc.html
[2021-09-02 14:32:24,424] multiqc                                            [DEBUG  ]  File ignored by rockhopper because it exceeded search pattern filesize limit: SRR1272188_2_fastqc.html
[2021-09-02 14:32:24,425] multiqc                                            [DEBUG  ]  File ignored by rseqc/bam_stat because it exceeded search pattern filesize limit: SRR1272188_2_fastqc.html
[2021-09-02 14:32:24,425] multiqc                                            [DEBUG  ]  File ignored by rseqc/junction_annotation because it exceeded search pattern filesize limit: SRR1272188_2_fastqc.html
[2021-09-02 14:32:24,425] multiqc                                            [DEBUG  ]  File ignored by rseqc/read_distribution because it exceeded search pattern filesize limit: SRR1272188_2_fastqc.html
[2021-09-02 14:32:24,425] multiqc                                            [DEBUG  ]  File ignored by rseqc/infer_experiment because it exceeded search pattern filesize limit: SRR1272188_2_fastqc.html
[2021-09-02 14:32:24,702] multiqc                                            [DEBUG  ]  File ignored by ccs/v4 because it exceeded search pattern filesize limit: SRR1272188_1_fastqc.html
[2021-09-02 14:32:24,717] multiqc                                            [DEBUG  ]  File ignored by hicexplorer because it exceeded search pattern filesize limit: SRR1272188_1_fastqc.html
[2021-09-02 14:32:24,718] multiqc                                            [DEBUG  ]  File ignored by nanostat because it exceeded search pattern filesize limit: SRR1272188_1_fastqc.html
[2021-09-02 14:32:24,718] multiqc                                            [DEBUG  ]  File ignored by lima/summary because it exceeded search pattern filesize limit: SRR1272188_1_fastqc.html
[2021-09-02 14:32:24,740] multiqc                                            [DEBUG  ]  File ignored by vep/vep_txt because it exceeded search pattern filesize limit: SRR1272188_1_fastqc.html
[2021-09-02 14:32:24,740] multiqc                                            [DEBUG  ]  File ignored by longranger/invocation because it exceeded search pattern filesize limit: SRR1272188_1_fastqc.html
[2021-09-02 14:32:24,740] multiqc                                            [DEBUG  ]  File ignored by rockhopper because it exceeded search pattern filesize limit: SRR1272188_1_fastqc.html
[2021-09-02 14:32:24,740] multiqc                                            [DEBUG  ]  File ignored by rseqc/bam_stat because it exceeded search pattern filesize limit: SRR1272188_1_fastqc.html
[2021-09-02 14:32:24,740] multiqc                                            [DEBUG  ]  File ignored by rseqc/junction_annotation because it exceeded search pattern filesize limit: SRR1272188_1_fastqc.html
[2021-09-02 14:32:24,740] multiqc                                            [DEBUG  ]  File ignored by rseqc/read_distribution because it exceeded search pattern filesize limit: SRR1272188_1_fastqc.html
[2021-09-02 14:32:24,740] multiqc                                            [DEBUG  ]  File ignored by rseqc/infer_experiment because it exceeded search pattern filesize limit: SRR1272188_1_fastqc.html
[2021-09-02 14:32:30,090] multiqc.plots.bargraph                             [DEBUG  ]  Using matplotlib version 3.4.2
[2021-09-02 14:32:30,095] multiqc.plots.linegraph                            [DEBUG  ]  Using matplotlib version 3.4.2
[2021-09-02 14:32:30,113] multiqc                                            [DEBUG  ]  No samples found: custom_content
[2021-09-02 14:32:30,149] multiqc                                            [DEBUG  ]  No samples found: ccs
[2021-09-02 14:32:30,187] multiqc                                            [DEBUG  ]  No samples found: ngsderive
[2021-09-02 14:32:30,208] multiqc                                            [DEBUG  ]  No samples found: purple
[2021-09-02 14:32:30,228] multiqc                                            [DEBUG  ]  No samples found: conpair
[2021-09-02 14:32:30,265] multiqc                                            [DEBUG  ]  No samples found: lima
[2021-09-02 14:32:30,320] multiqc                                            [DEBUG  ]  No samples found: peddy
[2021-09-02 14:32:30,343] multiqc                                            [DEBUG  ]  No samples found: somalier
[2021-09-02 14:32:30,365] multiqc                                            [DEBUG  ]  No samples found: methylQA
[2021-09-02 14:32:30,444] multiqc.modules.mosdepth.mosdepth                  [DEBUG  ]  include_contigs: []
[2021-09-02 14:32:30,444] multiqc.modules.mosdepth.mosdepth                  [DEBUG  ]  exclude_contigs: []
[2021-09-02 14:32:30,444] multiqc                                            [DEBUG  ]  No samples found: mosdepth
[2021-09-02 14:32:30,469] multiqc                                            [DEBUG  ]  No samples found: phantompeakqualtools
[2021-09-02 14:32:30,482] multiqc                                            [DEBUG  ]  No samples found: qualimap
[2021-09-02 14:32:30,509] multiqc                                            [DEBUG  ]  No samples found: preseq
[2021-09-02 14:32:30,540] multiqc                                            [DEBUG  ]  No samples found: quast
[2021-09-02 14:32:30,584] multiqc                                            [DEBUG  ]  No samples found: qorts
[2021-09-02 14:32:30,612] multiqc                                            [DEBUG  ]  No samples found: rna_seqc
[2021-09-02 14:32:30,635] multiqc                                            [DEBUG  ]  No samples found: rockhopper
[2021-09-02 14:32:30,657] multiqc                                            [DEBUG  ]  No samples found: rsem
[2021-09-02 14:32:30,748] multiqc                                            [DEBUG  ]  No samples found: rseqc
[2021-09-02 14:32:30,771] multiqc                                            [DEBUG  ]  No samples found: busco
[2021-09-02 14:32:30,798] multiqc                                            [DEBUG  ]  No samples found: bustools
[2021-09-02 14:32:30,818] multiqc                                            [DEBUG  ]  No samples found: goleft_indexcov
[2021-09-02 14:32:30,838] multiqc                                            [DEBUG  ]  No samples found: gffcompare
[2021-09-02 14:32:30,861] multiqc                                            [DEBUG  ]  No samples found: disambiguate
[2021-09-02 14:32:30,885] multiqc                                            [DEBUG  ]  No samples found: supernova
[2021-09-02 14:32:30,940] multiqc                                            [DEBUG  ]  No samples found: deeptools
[2021-09-02 14:32:30,962] multiqc                                            [DEBUG  ]  No samples found: sargasso
[2021-09-02 14:32:30,984] multiqc                                            [DEBUG  ]  No samples found: verifybamid
[2021-09-02 14:32:31,004] multiqc                                            [DEBUG  ]  No samples found: mirtrace
[2021-09-02 14:32:31,023] multiqc                                            [DEBUG  ]  No samples found: happy
[2021-09-02 14:32:31,041] multiqc                                            [DEBUG  ]  No samples found: mirtop
[2021-09-02 14:32:31,065] multiqc                                            [DEBUG  ]  No samples found: sambamba
[2021-09-02 14:32:31,104] multiqc                                            [DEBUG  ]  No samples found: homer
[2021-09-02 14:32:31,145] multiqc                                            [DEBUG  ]  No samples found: hops
[2021-09-02 14:32:31,169] multiqc                                            [DEBUG  ]  No samples found: macs2
[2021-09-02 14:32:31,192] multiqc                                            [DEBUG  ]  No samples found: theta2
[2021-09-02 14:32:31,224] multiqc                                            [DEBUG  ]  No samples found: snpeff
[2021-09-02 14:32:31,253] multiqc                                            [DEBUG  ]  No samples found: gatk
[2021-09-02 14:32:31,303] multiqc                                            [DEBUG  ]  No samples found: htseq
[2021-09-02 14:32:31,329] multiqc                                            [DEBUG  ]  No samples found: bcftools
[2021-09-02 14:32:31,355] multiqc                                            [DEBUG  ]  No samples found: featureCounts
[2021-09-02 14:32:31,420] multiqc                                            [DEBUG  ]  No samples found: fgbio
[2021-09-02 14:32:31,481] multiqc                                            [DEBUG  ]  No samples found: dragen
[2021-09-02 14:32:31,524] multiqc                                            [DEBUG  ]  No samples found: dedup
[2021-09-02 14:32:31,547] multiqc                                            [DEBUG  ]  No samples found: damageprofiler
[2021-09-02 14:32:31,681] multiqc                                            [DEBUG  ]  No samples found: biobambam2
[2021-09-02 14:32:31,703] multiqc                                            [DEBUG  ]  No samples found: jcvi
[2021-09-02 14:32:31,724] multiqc                                            [DEBUG  ]  No samples found: mtnucratio
[2021-09-02 14:32:31,732] multiqc                                            [DEBUG  ]  No samples found: picard
[2021-09-02 14:32:31,778] multiqc                                            [DEBUG  ]  No samples found: vep
[2021-09-02 14:32:31,816] multiqc                                            [DEBUG  ]  No samples found: sentieon
[2021-09-02 14:32:31,839] multiqc                                            [DEBUG  ]  No samples found: prokka
[2021-09-02 14:32:31,906] multiqc                                            [DEBUG  ]  No samples found: qc3C
[2021-09-02 14:32:31,928] multiqc                                            [DEBUG  ]  No samples found: nanostat
[2021-09-02 14:32:31,950] multiqc                                            [DEBUG  ]  No samples found: samblaster
[2021-09-02 14:32:32,000] multiqc                                            [DEBUG  ]  No samples found: samtools
[2021-09-02 14:32:32,038] multiqc                                            [DEBUG  ]  No samples found: sexdeterrmine
[2021-09-02 14:32:32,059] multiqc                                            [DEBUG  ]  No samples found: eigenstratdatabasetools
[2021-09-02 14:32:32,084] multiqc                                            [DEBUG  ]  No samples found: bamtools
[2021-09-02 14:32:32,103] multiqc                                            [DEBUG  ]  No samples found: jellyfish
[2021-09-02 14:32:32,140] multiqc                                            [DEBUG  ]  No samples found: vcftools
[2021-09-02 14:32:32,162] multiqc                                            [DEBUG  ]  No samples found: longranger
[2021-09-02 14:32:32,183] multiqc                                            [DEBUG  ]  No samples found: stacks
[2021-09-02 14:32:32,201] multiqc                                            [DEBUG  ]  No samples found: varscan2
[2021-09-02 14:32:32,221] multiqc                                            [DEBUG  ]  No samples found: snippy
[2021-09-02 14:32:32,286] multiqc                                            [DEBUG  ]  No samples found: bbmap
[2021-09-02 14:32:32,311] multiqc                                            [DEBUG  ]  No samples found: bismark
[2021-09-02 14:32:32,332] multiqc                                            [DEBUG  ]  No samples found: biscuit
[2021-09-02 14:32:32,351] multiqc                                            [DEBUG  ]  No samples found: hicexplorer
[2021-09-02 14:32:32,375] multiqc                                            [DEBUG  ]  No samples found: hicup
[2021-09-02 14:32:32,395] multiqc                                            [DEBUG  ]  No samples found: hicpro
[2021-09-02 14:32:32,415] multiqc                                            [DEBUG  ]  No samples found: salmon
[2021-09-02 14:32:32,437] multiqc                                            [DEBUG  ]  No samples found: kallisto
[2021-09-02 14:32:32,459] multiqc                                            [DEBUG  ]  No samples found: slamdunk
[2021-09-02 14:32:32,479] multiqc                                            [DEBUG  ]  No samples found: star
[2021-09-02 14:32:32,497] multiqc                                            [DEBUG  ]  No samples found: hisat2
[2021-09-02 14:32:32,518] multiqc                                            [DEBUG  ]  No samples found: tophat
[2021-09-02 14:32:32,538] multiqc                                            [DEBUG  ]  No samples found: bowtie2
[2021-09-02 14:32:32,558] multiqc                                            [DEBUG  ]  No samples found: bowtie1
[2021-09-02 14:32:32,576] multiqc                                            [DEBUG  ]  No samples found: snpsplit
[2021-09-02 14:32:32,606] multiqc                                            [DEBUG  ]  No samples found: odgi
[2021-09-02 14:32:32,627] multiqc                                            [DEBUG  ]  No samples found: pangolin
[2021-09-02 14:32:32,645] multiqc                                            [DEBUG  ]  No samples found: kat
[2021-09-02 14:32:32,665] multiqc                                            [DEBUG  ]  No samples found: leehom
[2021-09-02 14:32:32,687] multiqc                                            [DEBUG  ]  No samples found: adapterRemoval
[2021-09-02 14:32:32,708] multiqc                                            [DEBUG  ]  No samples found: clipandmerge
[2021-09-02 14:32:32,727] multiqc                                            [DEBUG  ]  No samples found: cutadapt
[2021-09-02 14:32:32,745] multiqc                                            [DEBUG  ]  No samples found: flexbar
[2021-09-02 14:32:32,764] multiqc                                            [DEBUG  ]  No samples found: kaiju
[2021-09-02 14:32:32,786] multiqc                                            [DEBUG  ]  No samples found: kraken
[2021-09-02 14:32:32,813] multiqc                                            [DEBUG  ]  No samples found: malt
[2021-09-02 14:32:32,833] multiqc                                            [DEBUG  ]  No samples found: trimmomatic
[2021-09-02 14:32:32,851] multiqc                                            [DEBUG  ]  No samples found: sickle
[2021-09-02 14:32:32,874] multiqc                                            [DEBUG  ]  No samples found: skewer
[2021-09-02 14:32:32,894] multiqc                                            [DEBUG  ]  No samples found: sortmerna
[2021-09-02 14:32:32,914] multiqc                                            [DEBUG  ]  No samples found: biobloomtools
[2021-09-02 14:32:32,935] multiqc                                            [DEBUG  ]  No samples found: fastq_screen
[2021-09-02 14:32:32,957] multiqc                                            [DEBUG  ]  No samples found: afterqc
[2021-09-02 14:32:32,981] multiqc                                            [DEBUG  ]  No samples found: fastp
[2021-09-02 14:32:34,033] multiqc.modules.fastqc.fastqc                      [INFO   ]  Found 8 reports
[2021-09-02 14:32:34,239] multiqc                                            [DEBUG  ]  No samples found: pychopper
[2021-09-02 14:32:34,260] multiqc                                            [DEBUG  ]  No samples found: pycoqc
[2021-09-02 14:32:34,281] multiqc                                            [DEBUG  ]  No samples found: minionqc
[2021-09-02 14:32:34,300] multiqc                                            [DEBUG  ]  No samples found: multivcfanalyzer
[2021-09-02 14:32:34,322] multiqc                                            [DEBUG  ]  No samples found: clusterflow
[2021-09-02 14:32:34,344] multiqc                                            [DEBUG  ]  No samples found: bcl2fastq
[2021-09-02 14:32:34,365] multiqc                                            [DEBUG  ]  No samples found: bclconvert
[2021-09-02 14:32:34,386] multiqc                                            [DEBUG  ]  No samples found: interop
[2021-09-02 14:32:34,407] multiqc                                            [DEBUG  ]  No samples found: ivar
[2021-09-02 14:32:34,425] multiqc                                            [DEBUG  ]  No samples found: flash
[2021-09-02 14:32:34,442] multiqc                                            [DEBUG  ]  No samples found: seqyclean
[2021-09-02 14:32:34,460] multiqc                                            [DEBUG  ]  No samples found: optitype
[2021-09-02 14:32:34,479] multiqc                                            [INFO   ]  Compressing plot data
[2021-09-02 14:32:34,719] multiqc                                            [INFO   ]  Report      : multiQCreports/multiqc_report.html
[2021-09-02 14:32:34,719] multiqc                                            [INFO   ]  Data        : multiQCreports/multiqc_data
[2021-09-02 14:32:34,719] multiqc                                            [DEBUG  ]  Moving data file from '/tmp/tmpsuiw_b6a/multiqc_data' to 'multiQCreports/multiqc_data'
[2021-09-02 14:32:35,194] multiqc                                            [INFO   ]  MultiQC complete
